[2026-03-05 14:36:00] 警报器管理开始 | 来源: daily-report
[2026-03-05 14:36:00] 当前活跃规则: 0 个
[2026-03-05 14:36:00] 新增规则: 2026-03-05-resistance-75000.js | 目标: 监控$75,000压力位突破
[2026-03-05 14:36:00] 新增规则: 2026-03-05-support-71000.js | 目标: 监控$71,000支撑位跌破
[2026-03-05 14:36:00] 当前活跃规则: 2 个
[2026-03-05 14:36:00] 警报器管理完成
[2026-03-05 21:00:38] 警报器管理开始 | 来源: daily-report-21:00
[2026-03-05 21:00:38] 当前活跃规则: 2 个
[2026-03-05 21:00:38] 规则评估: 压力位警报-75000 | 距离目标 +$2,091 (+2.9%) | 状态: 保持
[2026-03-05 21:00:38] 规则评估: 支撑位警报-71000 | 距离目标 -$1,909 (-2.6%) | 状态: 保持
[2026-03-05 21:00:38] 分析结论: 价格在$72,909高位整固，区间震荡概率45%，现有规则覆盖关键位置
[2026-03-05 21:00:38] 当前活跃规则: 2 个
[2026-03-05 21:00:38] 警报器管理完成
[2026-03-06 01:22:00] 警报器管理开始 | 来源: instant-report-2026-03-06-0122.md
[2026-03-06 01:22:00] 当前活跃规则: 2 个
[2026-03-06 01:22:00] 归档规则: 2026-03-05-support-71000.js | 原因: 规则已过期(CREATED_DATE=2026-03-05)，支撑位已跌破并触发止损
[2026-03-06 01:22:00] 归档规则: 2026-03-05-resistance-75000.js | 原因: 规则已过期(CREATED_DATE=2026-03-05)
[2026-03-06 01:22:00] 新增规则: 2026-03-06-support-70000.js | 目标: 监控$70,000心理关口支撑
[2026-03-06 01:22:00] 新增规则: 2026-03-06-support-69765.js | 目标: 监控$69,765(7日EMA)关键支撑
[2026-03-06 01:22:00] 当前活跃规则: 2 个
[2026-03-06 01:22:00] 警报器管理完成
[2026-03-06 09:01:xx] 警报器管理开始 | 来源: daily-report
[2026-03-06 09:01:xx] 当前活跃规则: 2 个
[2026-03-06 09:01:xx] 归档规则: 2026-03-06-support-69765.js | 原因: 7日EMA更新为$69,678
[2026-03-06 09:01:xx] 归档规则: 2026-03-06-support-70000.js | 原因: 重新创建规则（旧版本归档）
[2026-03-06 09:01:xx] 新增规则: 2026-03-06-support-70000.js | 目标: 监控$70,000心理支撑跌破
[2026-03-06 09:01:xx] 新增规则: 2026-03-06-support-ema7.js | 目标: 监控$69,678(7日EMA)关键支撑跌破
[2026-03-06 09:01:xx] 新增规则: 2026-03-06-resistance-72000.js | 目标: 监控$72,000阻力位突破
[2026-03-06 09:01:xx] 当前活跃规则: 3 个
[2026-03-06 09:01:xx] 警报器管理完成
[2026-03-06 09:05:59] 警报器管理开始 | 来源: daily-report
[2026-03-06 09:05:59] 当前活跃规则: 2 个
[2026-03-06 09:05:59] 归档规则: 2026-03-06-support-69765.js | 原因: 7日EMA更新为$69,678
[2026-03-06 09:05:59] 归档规则: 2026-03-06-support-70000.js | 原因: 重新创建规则
[2026-03-06 09:05:59] 新增规则: 2026-03-06-support-70000.js | 目标: 监控$70,000心理支撑跌破
[2026-03-06 09:05:59] 新增规则: 2026-03-06-support-ema7.js | 目标: 监控$69,678(7日EMA)关键支撑跌破
[2026-03-06 09:05:59] 新增规则: 2026-03-06-resistance-72000.js | 目标: 监控$72,000阻力位突破
[2026-03-06 09:05:59] 当前活跃规则: 3 个
[2026-03-06 09:05:59] 警报器管理完成
[2026-03-06 21:06:40] 警报器管理开始 | 来源: daily-report-21:00
[2026-03-06 21:06:40] 当前活跃规则: 3 个
[2026-03-06 21:06:40] 规则评估: resistance-72000.js | 状态: 保留 | 原因: 2,000阻力位有效(距当前+2.8%)
[2026-03-06 21:06:40] 规则评估: support-70000.js | 状态: 保留 | 原因: 0,000支撑正在测试(距当前仅3)
[2026-03-06 21:06:40] 规则评估: support-ema7.js | 状态: 保留 | 原因: 7日EMA支撑有效(距当前35)
[2026-03-06 21:06:40] 当前活跃规则: 3 个
[2026-03-06 21:06:40] 警报器管理完成
[2026-03-06 23:15:00] 警报器管理开始 | 来源: instant-report-2026-03-06-2315.md
[2026-03-06 23:15:00] 当前活跃规则: 3 个
[2026-03-06 23:15:00] 归档规则: 2026-03-06-support-70000.js | 原因: 支撑已跌破
[2026-03-06 23:15:00] 归档规则: 2026-03-06-resistance-72000.js | 原因: 价格已远离，当前关注下方支撑
[2026-03-06 23:15:00] 新增规则: 2026-03-06-support-68000.js | 目标: 监控$68,000关键支撑
[2026-03-06 23:15:00] 当前活跃规则: 2 个 (2026-03-06-support-ema7.js, 2026-03-06-support-68000.js)
[2026-03-06 23:15:00] 警报器管理完成
[2026-03-07 09:01:00] 警报器管理开始 | 来源: daily-report
[2026-03-07 09:01:00] 当前活跃规则: 1 个
[2026-03-07 09:01:00] 保留规则: 2026-03-06-support-68000.js | 原因: 价格$68,309接近$68,000目标，规则有效
[2026-03-07 09:01:00] 新增规则: 2026-03-07-support-67500.js | 目标: 监控$67,000-67,500关键趋势支撑区间
[2026-03-07 09:01:00] 当前活跃规则: 2 个
[2026-03-07 09:01:00] 警报器管理完成
[2026-03-07 21:00:41] 警报器管理开始 | 来源: daily-report
[2026-03-07 21:00:41] 当前活跃规则: 2 个
[2026-03-07 21:00:41] 规则评估: 2026-03-06-support-68000.js | 状态: 继续有效 | 原因: 价格$68,001在$68,000上方，支撑测试进行中
[2026-03-07 21:00:41] 规则评估: 2026-03-07-support-67500.js | 状态: 继续有效 | 原因: 价格$68,001尚未触及$67,000-67,500目标区间
[2026-03-07 21:00:41] 当前活跃规则: 2 个
[2026-03-07 21:00:41] 警报器管理完成
[2026-03-08 09:05:00] 警报器管理开始 | 来源: daily-report
[2026-03-08 09:05:00] 当前活跃规则: 2 个
[2026-03-08 09:05:00] 归档规则: 2026-03-06-support-68000.js | 原因: $68,000支撑已跌破，目标已达成
[2026-03-08 09:05:00] 归档规则: 2026-03-07-support-67500.js | 原因: $67,500支撑已跌破，目标已达成
[2026-03-08 09:05:00] 新增规则: 2026-03-08-support-66000.js | 目标: 监控$66,000-67,000关键支撑区间
[2026-03-08 09:05:00] 当前活跃规则: 1 个
[2026-03-08 09:05:00] 警报器管理完成
[2026-03-08 21:00:57] 警报器管理开始 | 来源: daily-report
[2026-03-08 21:00:57] 当前活跃规则: 1 个
[2026-03-08 21:00:57] 规则评估: 2026-03-08-support-66000.js | 状态: 保留 | 原因: $67,000支撑守住，规则仍有效
[2026-03-08 21:00:57] 新增规则: 2026-03-08-resistance-67500.js | 目标: 监控$67,500阻力突破
[2026-03-08 21:00:57] 当前活跃规则: 2 个
[2026-03-08 21:00:57] 警报器管理完成
[2026-03-08 21:00:57] 警报器管理开始 | 来源: daily-report
[2026-03-08 21:00:57] 当前活跃规则: 1 个
[2026-03-08 21:00:57] 规则评估: 2026-03-08-support-66000.js | 状态: 保留 | 原因: $67,000支撑守住，规则仍有效
[2026-03-08 21:00:57] 新增规则: 2026-03-08-resistance-67500.js | 目标: 监控$67,500阻力突破
[2026-03-08 21:00:57] 当前活跃规则: 2 个
[2026-03-08 21:00:57] 警报器管理完成
[2026-03-09 09:00:52] 警报器管理开始 | 来源: daily-report
[2026-03-09 09:00:52] 当前活跃规则: 2 个
[2026-03-09 09:00:52] 归档规则: 2026-03-08-resistance-67500.js | 原因: 日期过期，$67,500已跌破转阻力
[2026-03-09 09:00:52] 归档规则: 2026-03-08-support-66000.js | 原因: 日期过期，当前价格已进入目标区间
[2026-03-09 09:00:52] 创建规则: 2026-03-09-support-66000.js | 监控$66,000关键支撑跌破
[2026-03-09 09:00:52] 创建规则: 2026-03-09-resistance-67000.js | 监控$67,000阻力突破
[2026-03-09 09:00:52] 警报器管理完成 | 活跃规则: 2 个
[2026-03-09 16:41:00] 警报器管理开始 | 来源: daily-report
[2026-03-09 16:41:00] 当前活跃规则: 2 个
[2026-03-09 16:41:00] 归档规则: 2026-03-09-resistance-67000.js | 原因: $67,000阻力已突破（当前价格$67,820）
[2026-03-09 16:41:00] 保留规则: 2026-03-09-support-66000.js | 状态: $66,000支撑守住，仍有监控价值
[2026-03-09 16:41:00] 新增规则: 2026-03-09-resistance-68500.js | 目标: 监控$68,500阻力突破
[2026-03-09 16:41:00] 新增规则: 2026-03-09-takeprofit-68000.js | 目标: 监控$68,000止盈位
[2026-03-09 16:41:00] 当前活跃规则: 3 个
[2026-03-09 16:41:00] 警报器管理完成
[2026-03-09 21:05:27] 警报器管理开始 | 来源: daily-report
[2026-03-09 21:05:27] 当前活跃规则: 3 个
[2026-03-09 21:05:27] 归档规则: 2026-03-09-takeprofit-68000.js | 原因: 止盈目标8,000已触及
[2026-03-09 21:05:27] 新增规则: 2026-03-09-takeprofit-70000.js | 目标: 监控0,000止盈目标
[2026-03-09 21:05:27] 当前活跃规则: 3 个
[2026-03-09 21:05:27] 警报器管理完成
