[2026-03-06 00:12:00] 即时报告已发送 | 警报: 支撑位跌破警报-$71,000 | 触发时间: 2026-03-06 00:11:59 | 消息ID: om_x100b55aef03450a0c4d003fb2d2105d | 报告文件: instant-report-2026-03-06-0012.md
[2026-03-06 01:22:00] 即时报告已发送 | 警报: 支撑位跌破警报-$71,000(二次触发) | 触发时间: 2026-03-06 01:21:58 | 消息ID: om_x100b55af8dd1c4a0c3e2604f6d17f26 | 报告文件: instant-report-2026-03-06-0122.md
[2026-03-06 20:09:00] 即时报告已发送 | 警报: 支撑位跌破警报-$70,000 | 触发时间: 2026-03-06 20:09:47 | 消息ID: om_x100b5598022cb4b4c3a5847d8e1c93f | 报告文件: instant-report-2026-03-06-2009.md
[2026-03-06 21:11:00] 即时报告已发送 | 警报: 关键支撑测试-7日EMA | 触发时间: 2026-03-06 21:11:29 | 消息ID: om_x100b55997f1294a4c12ac2c346bf71e | 报告文件: instant-report-2026-03-06-2111.md
[2026-03-06 22:13:00] 即时报告已发送 | 警报: 关键支撑跌破-7日EMA | 触发时间: 2026-03-06 22:13:36 | 消息ID: om_x100b559a5456a0a0c35539f69845802 | 报告文件: instant-report-2026-03-06-2213.md
[2026-03-06 22:13:43] 重复触发(7秒后) | 警报: 关键支撑跌破-7日EMA | 价格: $68,711.82 | 已忽略重复发送
[2026-03-06 22:13:43] 重复触发(7秒后) | 警报: 关键支撑跌破-7日EMA | 价格: $68,711.82 | 忽略
[2026-03-06 23:15:00] 即时报告已发送 | 警报: 关键支撑测试-$68,000 | 触发时间: 2026-03-06 23:15:23 | 消息ID: om_x100b559ab353746a0c317bf8b7d2e91 | 报告文件: instant-report-2026-03-06-2315.md
[2026-03-06 23:15:00] 即时报告已发送 | 警报: 关键支撑测试-$68,000 | 触发时间: 2026-03-06 23:15:23 | 消息ID: om_x100b559ab3537cb0c2cb50aad31e8e1 | 报告文件: instant-report-2026-03-06-2315.md
[2026-03-06 23:15:27] 重复触发(4秒后) | 警报: 关键支撑测试-$68,000 | 价格: $68,615.75 | 忽略
[2026-03-07 00:17:00] 即时报告已发送 | 警报: 逼近关键支撑-$68,000 | 触发时间: 2026-03-07 00:17:19 | 消息ID: om_x100b559baa1eb4a4c2dd072a335b469 | 报告文件: instant-report-2026-03-07-0017.md
[2026-03-09 11:12:00] 即时报告已生成 | 警报: 阻力突破-$67,000 | 触发时间: 2026-03-09 11:12 | 报告文件: instant-report-2026-03-09-1112.md | 飞书发送失败: Unknown channel feishu
[2026-03-09 13:24:00] 即时报告已生成 | 警报: 突破后走势监控 | 价格: $67,365 | 最高: $67,397 | 浮盈: +1.3%~+2.1% | 报告文件: instant-report-2026-03-09-1324.md
[2026-03-09 16:40:00] 即时报告已生成 | 警报: 突破后延续监控 | 价格: $67,710 | 最高: $67,871 | 浮盈: +1.8%~+2.6% | 距止盈1 $68,000 仅 $289 | 报告文件: instant-report-2026-03-09-1640.md
[2026-03-09 17:42:00] 止盈1触发 | 价格: $68,310 | 止盈位: $68,000 | 平仓: 50% | 收益: +2.4% | 剩余浮盈: +2.9% | 报告文件: instant-report-2026-03-09-1742-tp1.md
[2026-03-09 20:26:00] 即时分析 | 警报: 数据获取错误 | 错误: read ECONNRESET | 报告文件: instant-report-2026-03-09-2026-error.md
[2026-03-09 21:01:00] 即时报告已生成 | 警报: 止盈后走势监控 | 价格: $68,157 | 浮盈: +2.6%~+3.3% | 止盈2: $70,000 | 报告文件: instant-report-2026-03-09-2101.md
[2026-03-10 00:21:00] 即时报告已生成 | 警报: 高位回调监控 | 价格: $68,782 | 回调 -0.68% | 浮盈: +3.4%~+4.2% | 报告文件: instant-report-2026-03-10-0021.md
[2026-03-10 01:31:00] 即时报告已生成 | 警报: 持续回调监控 | 价格: $68,672 | 最低: $68,612 | 回调 -0.84% | 浮盈: +3.2%~+4.0% | 报告文件: instant-report-2026-03-10-0131.md
[2026-03-10 02:36:00] 即时报告已生成 | 警报: 支撑逼近-$68,500 | 价格: $68,589 | 最低: $68,588 | 距支撑 $89 | 浮盈: +3.1%~+3.9% | 报告文件: instant-report-2026-03-10-0236.md
[2026-03-10 03:41:00] 即时报告已生成 | 警报: 支撑企稳反弹 | 价格: $68,938 | 最高: $69,199 | $68,500支撑有效 | 浮盈: +3.7%~+4.5% | 止盈2: $70,000 距$1,062 | 报告文件: instant-report-2026-03-10-0341.md
[2026-03-10 04:46:00] 即时分析 | 警报: 数据获取错误 | 错误: read ECONNRESET | 持仓状态: 剩余50% 浮盈+3.7%~+4.5% 止盈2 $70,000
[2026-03-10 05:51:00] 即时报告已生成 | 警报: 窄幅整固监控 | 价格: $68,956 | 浮盈: +3.7%~+4.5% | 止盈2: $70,000 距$1,043 | 报告文件: instant-report-2026-03-10-0551.md
[2026-03-10 06:56:00] 即时报告已生成 | 警报: 支撑再次测试 | 价格: $68,691 | 最低: $68,615 | 距$68,500支撑 $115 | 浮盈: +3.4%~+4.1% | 报告文件: instant-report-2026-03-10-0656.md
[2026-03-12 10:13:00] 即时报告已生成 | 警报: 支撑跌破-$70,000 | 价格: $69,773 | 跌破 -0.32% | 上一轮交易已完成 | 当前无持仓 | 报告文件: instant-report-2026-03-12-1013.md
